<?xml version="1.0" encoding="UTF-8"?>
<testng-results skipped="0" failed="0" ignored="0" total="2" passed="2">
  <reporter-output>
  </reporter-output>
  <suite name="My Suite" duration-ms="38493" started-at="2023-12-28T12:55:05Z" finished-at="2023-12-28T12:55:44Z">
    <groups>
    </groups>
    <test name="TestNG_POC" duration-ms="38493" started-at="2023-12-28T12:55:05Z" finished-at="2023-12-28T12:55:44Z">
      <class name="java_TestNG.tests.LoginTests">
        <test-method status="PASS" signature="openPage()[pri:0, instance:java_TestNG.tests.LoginTests@4cdbe50f]" name="openPage" is-config="true" duration-ms="29330" started-at="2023-12-28T12:55:05Z" finished-at="2023-12-28T12:55:35Z">
          <reporter-output>
          </reporter-output>
        </test-method> <!-- openPage -->
        <test-method status="PASS" signature="login()[pri:1, instance:java_TestNG.tests.LoginTests@4cdbe50f]" name="login" duration-ms="7218" started-at="2023-12-28T12:55:35Z" description="Login Scenario" finished-at="2023-12-28T12:55:42Z">
          <reporter-output>
          </reporter-output>
        </test-method> <!-- login -->
        <test-method status="PASS" signature="logout()[pri:2, instance:java_TestNG.tests.LoginTests@4cdbe50f]" name="logout" duration-ms="1689" started-at="2023-12-28T12:55:42Z" description="Logout Scenario" finished-at="2023-12-28T12:55:44Z">
          <reporter-output>
          </reporter-output>
        </test-method> <!-- logout -->
        <test-method status="PASS" signature="closeBrowser()[pri:0, instance:java_TestNG.tests.LoginTests@4cdbe50f]" name="closeBrowser" is-config="true" duration-ms="232" started-at="2023-12-28T12:55:44Z" finished-at="2023-12-28T12:55:44Z">
          <reporter-output>
          </reporter-output>
        </test-method> <!-- closeBrowser -->
      </class> <!-- java_TestNG.tests.LoginTests -->
    </test> <!-- TestNG_POC -->
  </suite> <!-- My Suite -->
</testng-results>
